# JRE version: OpenJDK Runtime Environment (8.0_152-b01) (build 1.8.0_152-release-915-b01)
# Java VM: OpenJDK 64-Bit Server VM (25.152-b01 mixed mode windows-amd64 compressed oops)
Heap:
 PSYoungGen      total 425472K, used 146283K [0x00000000e0000000, 0x00000000fd800000, 0x0000000100000000)
  eden space 369152K, 36% used [0x00000000e0000000,0x00000000e851f3e0,0x00000000f6880000)
  from space 56320K, 17% used [0x00000000f9e80000,0x00000000fa83b938,0x00000000fd580000)
  to   space 55296K, 0% used [0x00000000f6880000,0x00000000f6880000,0x00000000f9e80000)
 ParOldGen       total 168960K, used 59617K [0x00000000a0000000, 0x00000000aa500000, 0x00000000e0000000)
  object space 168960K, 35% used [0x00000000a0000000,0x00000000a3a38728,0x00000000aa500000)
 Metaspace       used 93487K, capacity 100392K, committed 102744K, reserved 1138688K
  class space    used 11682K, capacity 13118K, committed 13696K, reserved 1048576K
GC Heap History (10 events):
Event: 4376.611 GC heap before
{Heap before GC invocations=30 (full 5):
 PSYoungGen      total 409600K, used 362496K [0x00000000e0000000, 0x00000000fd100000, 0x0000000100000000)
  eden space 362496K, 100% used [0x00000000e0000000,0x00000000f6200000,0x00000000f6200000)
  from space 47104K, 0% used [0x00000000fa300000,0x00000000fa300000,0x00000000fd100000)
  to   space 56832K, 0% used [0x00000000f6200000,0x00000000f6200000,0x00000000f9980000)
 ParOldGen       total 168960K, used 72205K [0x00000000a0000000, 0x00000000aa500000, 0x00000000e0000000)
  object space 168960K, 42% used [0x00000000a0000000,0x00000000a4683648,0x00000000aa500000)
 Metaspace       used 94174K, capacity 100896K, committed 101592K, reserved 1136640K
  class space    used 11901K, capacity 13365K, committed 13568K, reserved 1048576K
Event: 4376.630 GC heap after
Heap after GC invocations=30 (full 5):
 PSYoungGen      total 419328K, used 6592K [0x00000000e0000000, 0x00000000fd980000, 0x0000000100000000)
  eden space 362496K, 0% used [0x00000000e0000000,0x00000000e0000000,0x00000000f6200000)
  from space 56832K, 11% used [0x00000000f6200000,0x00000000f6870060,0x00000000f9980000)
  to   space 56832K, 0% used [0x00000000fa200000,0x00000000fa200000,0x00000000fd980000)
 ParOldGen       total 168960K, used 72213K [0x00000000a0000000, 0x00000000aa500000, 0x00000000e0000000)
  object space 168960K, 42% used [0x00000000a0000000,0x00000000a4685648,0x00000000aa500000)
 Metaspace       used 94174K, capacity 100896K, committed 101592K, reserved 1136640K
  class space    used 11901K, capacity 13365K, committed 13568K, reserved 1048576K
}
Event: 4442.721 GC heap before
{Heap before GC invocations=31 (full 5):
 PSYoungGen      total 419328K, used 367641K [0x00000000e0000000, 0x00000000fd980000, 0x0000000100000000)
  eden space 362496K, 99% used [0x00000000e0000000,0x00000000f60966d0,0x00000000f6200000)
  from space 56832K, 11% used [0x00000000f6200000,0x00000000f6870060,0x00000000f9980000)
  to   space 56832K, 0% used [0x00000000fa200000,0x00000000fa200000,0x00000000fd980000)
 ParOldGen       total 168960K, used 72213K [0x00000000a0000000, 0x00000000aa500000, 0x00000000e0000000)
  object space 168960K, 42% used [0x00000000a0000000,0x00000000a4685648,0x00000000aa500000)
 Metaspace       used 94866K, capacity 102564K, committed 102744K, reserved 1138688K
  class space    used 12039K, capacity 13641K, committed 13696K, reserved 1048576K
Event: 4442.740 GC heap after
Heap after GC invocations=31 (full 5):
 PSYoungGen      total 421888K, used 31646K [0x00000000e0000000, 0x00000000fd680000, 0x0000000100000000)
  eden space 368128K, 0% used [0x00000000e0000000,0x00000000e0000000,0x00000000f6780000)
  from space 53760K, 58% used [0x00000000fa200000,0x00000000fc0e7a98,0x00000000fd680000)
  to   space 56832K, 0% used [0x00000000f6780000,0x00000000f6780000,0x00000000f9f00000)
 ParOldGen       total 168960K, used 72221K [0x00000000a0000000, 0x00000000aa500000, 0x00000000e0000000)
  object space 168960K, 42% used [0x00000000a0000000,0x00000000a4687648,0x00000000aa500000)
 Metaspace       used 94866K, capacity 102564K, committed 102744K, reserved 1138688K
  class space    used 12039K, capacity 13641K, committed 13696K, reserved 1048576K
}
Event: 7795.289 GC heap before
{Heap before GC invocations=32 (full 5):
 PSYoungGen      total 421888K, used 142274K [0x00000000e0000000, 0x00000000fd680000, 0x0000000100000000)
  eden space 368128K, 30% used [0x00000000e0000000,0x00000000e6c08d90,0x00000000f6780000)
  from space 53760K, 58% used [0x00000000fa200000,0x00000000fc0e7a98,0x00000000fd680000)
  to   space 56832K, 0% used [0x00000000f6780000,0x00000000f6780000,0x00000000f9f00000)
 ParOldGen       total 168960K, used 72221K [0x00000000a0000000, 0x00000000aa500000, 0x00000000e0000000)
  object space 168960K, 42% used [0x00000000a0000000,0x00000000a4687648,0x00000000aa500000)
 Metaspace       used 94918K, capacity 102574K, committed 102744K, reserved 1138688K
  class space    used 12039K, capacity 13642K, committed 13696K, reserved 1048576K
Event: 7795.326 GC heap after
Heap after GC invocations=32 (full 5):
 PSYoungGen      total 374784K, used 6414K [0x00000000e0000000, 0x00000000fd580000, 0x0000000100000000)
  eden space 368128K, 0% used [0x00000000e0000000,0x00000000e0000000,0x00000000f6780000)
  from space 6656K, 96% used [0x00000000f6780000,0x00000000f6dc3848,0x00000000f6e00000)
  to   space 56320K, 0% used [0x00000000f9e80000,0x00000000f9e80000,0x00000000fd580000)
 ParOldGen       total 168960K, used 72229K [0x00000000a0000000, 0x00000000aa500000, 0x00000000e0000000)
  object space 168960K, 42% used [0x00000000a0000000,0x00000000a4689648,0x00000000aa500000)
 Metaspace       used 94918K, capacity 102574K, committed 102744K, reserved 1138688K
  class space    used 12039K, capacity 13642K, committed 13696K, reserved 1048576K
}
Event: 7795.326 GC heap before
{Heap before GC invocations=33 (full 6):
 PSYoungGen      total 374784K, used 6414K [0x00000000e0000000, 0x00000000fd580000, 0x0000000100000000)
  eden space 368128K, 0% used [0x00000000e0000000,0x00000000e0000000,0x00000000f6780000)
  from space 6656K, 96% used [0x00000000f6780000,0x00000000f6dc3848,0x00000000f6e00000)
  to   space 56320K, 0% used [0x00000000f9e80000,0x00000000f9e80000,0x00000000fd580000)
 ParOldGen       total 168960K, used 72229K [0x00000000a0000000, 0x00000000aa500000, 0x00000000e0000000)
  object space 168960K, 42% used [0x00000000a0000000,0x00000000a4689648,0x00000000aa500000)
 Metaspace       used 94918K, capacity 102574K, committed 102744K, reserved 1138688K
  class space    used 12039K, capacity 13642K, committed 13696K, reserved 1048576K
Event: 7797.391 GC heap after
Heap after GC invocations=33 (full 6):
 PSYoungGen      total 374784K, used 0K [0x00000000e0000000, 0x00000000fd580000, 0x0000000100000000)
  eden space 368128K, 0% used [0x00000000e0000000,0x00000000e0000000,0x00000000f6780000)
  from space 6656K, 0% used [0x00000000f6780000,0x00000000f6780000,0x00000000f6e00000)
  to   space 56320K, 0% used [0x00000000f9e80000,0x00000000f9e80000,0x00000000fd580000)
 ParOldGen       total 168960K, used 59617K [0x00000000a0000000, 0x00000000aa500000, 0x00000000e0000000)
  object space 168960K, 35% used [0x00000000a0000000,0x00000000a3a38728,0x00000000aa500000)
 Metaspace       used 92438K, capacity 98600K, committed 102744K, reserved 1138688K
  class space    used 11544K, capacity 12828K, committed 13696K, reserved 1048576K
}
Event: 9075.094 GC heap before
{Heap before GC invocations=34 (full 6):
 PSYoungGen      total 374784K, used 368128K [0x00000000e0000000, 0x00000000fd580000, 0x0000000100000000)
  eden space 368128K, 100% used [0x00000000e0000000,0x00000000f6780000,0x00000000f6780000)
  from space 6656K, 0% used [0x00000000f6780000,0x00000000f6780000,0x00000000f6e00000)
  to   space 56320K, 0% used [0x00000000f9e80000,0x00000000f9e80000,0x00000000fd580000)
 ParOldGen       total 168960K, used 59617K [0x00000000a0000000, 0x00000000aa500000, 0x00000000e0000000)
  object space 168960K, 35% used [0x00000000a0000000,0x00000000a3a38728,0x00000000aa500000)
 Metaspace       used 93256K, capacity 99874K, committed 102744K, reserved 1138688K
  class space    used 11647K, capacity 13033K, committed 13696K, reserved 1048576K
Event: 9075.108 GC heap after
Heap after GC invocations=34 (full 6):
 PSYoungGen      total 425472K, used 9966K [0x00000000e0000000, 0x00000000fd800000, 0x0000000100000000)
  eden space 369152K, 0% used [0x00000000e0000000,0x00000000e0000000,0x00000000f6880000)
  from space 56320K, 17% used [0x00000000f9e80000,0x00000000fa83b938,0x00000000fd580000)
  to   space 55296K, 0% used [0x00000000f6880000,0x00000000f6880000,0x00000000f9e80000)
 ParOldGen       total 168960K, used 59617K [0x00000000a0000000, 0x00000000aa500000, 0x00000000e0000000)
  object space 168960K, 35% used [0x00000000a0000000,0x00000000a3a38728,0x00000000aa500000)
 Metaspace       used 93256K, capacity 99874K, committed 102744K, reserved 1138688K
  class space    used 11647K, capacity 13033K, committed 13696K, reserved 1048576K
}

